<?xml version="1.0" encoding="utf-8"?><testsuites name="pytest tests"><testsuite name="pytest" errors="0" failures="0" skipped="0" tests="3" time="0.899" timestamp="2026-08-31T15:53:58.273217+00:00" hostname="agent-env-4a1679c5-5b4d-4016-b7cb-076a5ecaa36a"><testcase classname="tests.test_health" name="test_api_root" time="0.188" /><testcase classname="tests.test_health" name="test_status_create_returns_valid_record" time="0.080" /><testcase classname="tests.test_health" name="test_status_list_returns_records_without_mongo_id" time="0.083" /></testsuite></testsuites>